<?xml version="1.0" encoding="UTF-8"?>
<!-- Generated by org.testng.reporters.JUnitReportReporter -->
<testsuite hostname="Tahamiduls-MacBook-Air.local" failures="0" tests="1" name="com.foodKing.foodKing.tests.TC10_VerifyMenuIsDisplayedTest" time="26.283" errors="0" timestamp="2025-09-19T21:41:03 BDT" skipped="0">
  <testcase classname="com.foodKing.foodKing.tests.TC10_VerifyMenuIsDisplayedTest" name="verifyMenuIsDisplay" time="26.283"/>
</testsuite> <!-- com.foodKing.foodKing.tests.TC10_VerifyMenuIsDisplayedTest -->
