<?xml version="1.0" encoding="UTF-8"?>
<!-- Generated by org.testng.reporters.JUnitReportReporter -->
<testsuite hostname="Tahamiduls-MacBook-Air.local" failures="0" tests="1" name="com.foodKing.foodKing.tests.TC08_NoSearchResultTest" time="6.334" errors="0" timestamp="2025-09-17T01:34:46 BDT" skipped="0">
  <testcase classname="com.foodKing.foodKing.tests.TC08_NoSearchResultTest" name="noSearchResult" time="6.334"/>
</testsuite> <!-- com.foodKing.foodKing.tests.TC08_NoSearchResultTest -->
