<?xml version="1.0" encoding="UTF-8"?>
<!-- Generated by org.testng.reporters.JUnitReportReporter -->
<testsuite hostname="Tahamiduls-MacBook-Air.local" failures="0" tests="1" name="com.foodKing.foodKing.tests.TC11_CountAllMenusAndDisplayedTest" time="6.618" errors="0" timestamp="2025-09-19T21:44:27 BDT" skipped="0">
  <testcase classname="com.foodKing.foodKing.tests.TC11_CountAllMenusAndDisplayedTest" name="countMenuIsDisplayAndPrint" time="6.618"/>
</testsuite> <!-- com.foodKing.foodKing.tests.TC11_CountAllMenusAndDisplayedTest -->
