<?xml version="1.0" encoding="UTF-8"?>
<!-- Generated by org.testng.reporters.JUnitReportReporter -->
<testsuite hostname="Tahamiduls-MacBook-Air.local" failures="0" tests="1" name="com.foodKing.foodKing.tests.TC05_SignUpEmptyFieldTest" time="12.850" errors="0" timestamp="2025-09-06T21:51:59 BDT" skipped="0">
  <testcase classname="com.foodKing.foodKing.tests.TC05_SignUpEmptyFieldTest" name="signUpEmptyFields" time="12.850"/>
</testsuite> <!-- com.foodKing.foodKing.tests.TC05_SignUpEmptyFieldTest -->
