<?xml version="1.0" encoding="UTF-8"?>
<!-- Generated by org.testng.reporters.JUnitReportReporter -->
<testsuite hostname="Tahamiduls-MacBook-Air.local" failures="0" tests="1" name="com.foodKing.foodKing.tests.TC02_SignUpTest" time="15.998" errors="0" timestamp="2025-09-03T23:34:19 BDT" skipped="0">
  <testcase classname="com.foodKing.foodKing.tests.TC02_SignUpTest" name="SignUp" time="15.998"/>
</testsuite> <!-- com.foodKing.foodKing.tests.TC02_SignUpTest -->
