<?xml version="1.0" encoding="UTF-8"?>
<!-- Generated by org.testng.reporters.JUnitReportReporter -->
<testsuite hostname="Tahamiduls-MacBook-Air.local" failures="0" tests="1" name="com.foodKing.foodKing.tests.TC06_LogOutTest" time="64.992" errors="0" timestamp="2025-09-09T23:17:28 BDT" skipped="0">
  <testcase classname="com.foodKing.foodKing.tests.TC06_LogOutTest" name="logOut" time="64.992"/>
</testsuite> <!-- com.foodKing.foodKing.tests.TC06_LogOutTest -->
