<?xml version="1.0" encoding="UTF-8"?>
<!-- Generated by org.testng.reporters.JUnitReportReporter -->
<testsuite hostname="Tahamiduls-MacBook-Air.local" failures="0" tests="1" name="com.foodKing.foodKing.tests.TC07_SearchFunctionalityTest" time="6.424" errors="0" timestamp="2025-09-12T00:54:51 BDT" skipped="0">
  <testcase classname="com.foodKing.foodKing.tests.TC07_SearchFunctionalityTest" name="searchFunctionality" time="6.424"/>
</testsuite> <!-- com.foodKing.foodKing.tests.TC07_SearchFunctionalityTest -->
