<?xml version="1.0" encoding="UTF-8"?>
<!-- Generated by org.testng.reporters.JUnitReportReporter -->
<testsuite hostname="Tahamiduls-MacBook-Air.local" failures="0" tests="1" name="com.foodKing.foodKing.tests.TC12_SelectMenuWithItemTest" time="3.940" errors="0" timestamp="2025-09-20T00:54:39 BDT" skipped="0">
  <testcase classname="com.foodKing.foodKing.tests.TC12_SelectMenuWithItemTest" name="selectMenuItemAndVerify" time="3.940"/>
</testsuite> <!-- com.foodKing.foodKing.tests.TC12_SelectMenuWithItemTest -->
