<?xml version="1.0" encoding="UTF-8"?>
<!-- Generated by org.testng.reporters.JUnitReportReporter -->
<testsuite hostname="Tahamiduls-MacBook-Air.local" failures="0" tests="1" name="com.foodKing.foodKing.tests.TC01_Login" time="9.008" errors="0" timestamp="2025-08-30T13:51:32 BDT" skipped="0">
  <testcase classname="com.foodKing.foodKing.tests.TC01_Login" name="Login" time="9.008"/>
</testsuite> <!-- com.foodKing.foodKing.tests.TC01_Login -->
