<?xml version="1.0" encoding="UTF-8"?>
<!-- Generated by org.testng.reporters.JUnitReportReporter -->
<testsuite hostname="Tahamiduls-MacBook-Air.local" failures="0" tests="1" name="com.foodKing.foodKing.tests.TC10_VerifyMenuIsDisplayedTest" time="21.937" errors="0" timestamp="2025-09-19T02:45:33 BDT" skipped="0">
  <testcase classname="com.foodKing.foodKing.tests.TC10_VerifyMenuIsDisplayedTest" name="verifyMenuIsDisplay" time="21.937"/>
</testsuite> <!-- com.foodKing.foodKing.tests.TC10_VerifyMenuIsDisplayedTest -->
