<?xml version="1.0" encoding="UTF-8"?>
<!-- Generated by org.testng.reporters.JUnitReportReporter -->
<testsuite hostname="Tahamiduls-MacBook-Air.local" failures="0" tests="1" name="com.foodKing.foodKing.tests.TC02_LoginTest" time="10.994" errors="0" timestamp="2025-09-05T00:57:52 BDT" skipped="0">
  <testcase classname="com.foodKing.foodKing.tests.TC02_LoginTest" name="invalidLogin" time="10.994"/>
</testsuite> <!-- com.foodKing.foodKing.tests.TC02_LoginTest -->
